
 ###################################### 
 ############### BEGIN ################ 
 ###################################### 


 Parse master input file: 
	 SIMGEN_MASTER_LSST_DDF.INPUT 

 Read/store contents of SIMGEN_MASTER_LSST_DDF.INPUT 
 Requested Simulation Summary : 
 GENVERSION      = 'LSST_DDF_MODEL41' 
   GENOPT(SN Ia) = 'INPUT_FILE_INCLUDE $PLASTICC_ROOT/SIMGEN/SIMGEN_INCLUDE_91bg.INPUT  GENTYPE 41  SEARCHEFF_SPEC_SCALE 1.0' 
   GENOPT(NON1A) = 'INPUT_FILE_INCLUDE $PLASTICC_ROOT/SIMGEN/SIMGEN_INCLUDE_91bg.INPUT  GENTYPE 41  SEARCHEFF_SPEC_SCALE 1.0' 
 GENVERSION      = 'LSST_DDF_MODEL43' 
   GENOPT(SN Ia) = 'INPUT_FILE_INCLUDE $PLASTICC_ROOT/SIMGEN/SIMGEN_INCLUDE_Iax.INPUT  GENTYPE 43  SEARCHEFF_SPEC_SCALE 1.0' 
   GENOPT(NON1A) = 'INPUT_FILE_INCLUDE $PLASTICC_ROOT/SIMGEN/SIMGEN_INCLUDE_Iax.INPUT  GENTYPE 43  SEARCHEFF_SPEC_SCALE 1.0' 
 GENVERSION      = 'LSST_DDF_MODEL51' 
   GENOPT(SN Ia) = 'INPUT_FILE_INCLUDE $PLASTICC_ROOT/SIMGEN/SIMGEN_INCLUDE_KNova_Kasen2017.INPUT  GENTYPE 51  SEARCHEFF_SPEC_SCALE 1.0' 
   GENOPT(NON1A) = 'INPUT_FILE_INCLUDE $PLASTICC_ROOT/SIMGEN/SIMGEN_INCLUDE_KNova_Kasen2017.INPUT  GENTYPE 51  SEARCHEFF_SPEC_SCALE 1.0' 
 GENVERSION      = 'LSST_DDF_MODEL60' 
   GENOPT(SN Ia) = 'INPUT_FILE_INCLUDE $PLASTICC_ROOT/SIMGEN/SIMGEN_INCLUDE_MOSFIT_SLSN_MAGNETAR.INPUT  GENTYPE 60  SEARCHEFF_SPEC_SCALE 1.0' 
   GENOPT(NON1A) = 'INPUT_FILE_INCLUDE $PLASTICC_ROOT/SIMGEN/SIMGEN_INCLUDE_MOSFIT_SLSN_MAGNETAR.INPUT  GENTYPE 60  SEARCHEFF_SPEC_SCALE 1.0' 
 GENVERSION      = 'LSST_DDF_MODEL61' 
   GENOPT(SN Ia) = 'INPUT_FILE_INCLUDE $PLASTICC_ROOT/SIMGEN/SIMGEN_INCLUDE_MOSFIT_PISN.INPUT  GENTYPE 61  SEARCHEFF_SPEC_FILE ZERO' 
   GENOPT(NON1A) = 'INPUT_FILE_INCLUDE $PLASTICC_ROOT/SIMGEN/SIMGEN_INCLUDE_MOSFIT_PISN.INPUT  GENTYPE 61  SEARCHEFF_SPEC_FILE ZERO' 
 GENVERSION      = 'LSST_DDF_MODEL62' 
   GENOPT(SN Ia) = 'INPUT_FILE_INCLUDE $PLASTICC_ROOT/SIMGEN/SIMGEN_INCLUDE_MOSFIT_ILOT.INPUT  GENTYPE 62  SEARCHEFF_SPEC_FILE ZERO' 
   GENOPT(NON1A) = 'INPUT_FILE_INCLUDE $PLASTICC_ROOT/SIMGEN/SIMGEN_INCLUDE_MOSFIT_ILOT.INPUT  GENTYPE 62  SEARCHEFF_SPEC_FILE ZERO' 
 GENVERSION      = 'LSST_DDF_MODEL63' 
   GENOPT(SN Ia) = 'INPUT_FILE_INCLUDE $PLASTICC_ROOT/SIMGEN/SIMGEN_INCLUDE_MOSFIT_CART.INPUT  GENTYPE 63  SEARCHEFF_SPEC_FILE ZERO' 
   GENOPT(NON1A) = 'INPUT_FILE_INCLUDE $PLASTICC_ROOT/SIMGEN/SIMGEN_INCLUDE_MOSFIT_CART.INPUT  GENTYPE 63  SEARCHEFF_SPEC_FILE ZERO' 
 GENVERSION      = 'LSST_DDF_MODEL64' 
   GENOPT(SN Ia) = 'INPUT_FILE_INCLUDE $PLASTICC_ROOT/SIMGEN/SIMGEN_INCLUDE_MOSFIT_TDE.INPUT  GENTYPE 64  SEARCHEFF_SPEC_SCALE 1.00' 
   GENOPT(NON1A) = 'INPUT_FILE_INCLUDE $PLASTICC_ROOT/SIMGEN/SIMGEN_INCLUDE_MOSFIT_TDE.INPUT  GENTYPE 64  SEARCHEFF_SPEC_SCALE 1.00' 
 GENVERSION      = 'LSST_DDF_MODEL70' 
   GENOPT(SN Ia) = 'INPUT_FILE_INCLUDE $PLASTICC_ROOT/SIMGEN/SIMGEN_INCLUDE_LCLIB_LSST-AGN.INPUT  GENTYPE 70 SIMLIB_NREPEAT 1  NGENTOT_LC 500  SEARCHEFF_SPEC_SCALE 1.0' 
   GENOPT(NON1A) = 'INPUT_FILE_INCLUDE $PLASTICC_ROOT/SIMGEN/SIMGEN_INCLUDE_LCLIB_LSST-AGN.INPUT  GENTYPE 70 SIMLIB_NREPEAT 1  NGENTOT_LC 500  SEARCHEFF_SPEC_SCALE 1.0' 
 GENVERSION      = 'LSST_DDF_MODEL80' 
   GENOPT(SN Ia) = 'INPUT_FILE_INCLUDE $PLASTICC_ROOT/SIMGEN/SIMGEN_INCLUDE_LCLIB_RRLyrae.INPUT  GENTYPE 80 SIMLIB_NREPEAT 1  NGENTOT_LC 200  SEARCHEFF_SPEC_SCALE 0.3' 
   GENOPT(NON1A) = 'INPUT_FILE_INCLUDE $PLASTICC_ROOT/SIMGEN/SIMGEN_INCLUDE_LCLIB_RRLyrae.INPUT  GENTYPE 80 SIMLIB_NREPEAT 1  NGENTOT_LC 200  SEARCHEFF_SPEC_SCALE 0.3' 
 GENVERSION      = 'LSST_DDF_MODEL81' 
   GENOPT(SN Ia) = 'INPUT_FILE_INCLUDE $PLASTICC_ROOT/SIMGEN/SIMGEN_INCLUDE_LCLIB_Mdwarf_flares.INPUT  GENTYPE 81 SIMLIB_NREPEAT 1  NGENTOT_LC 800  SEARCHEFF_SPEC_SCALE 1.0' 
   GENOPT(NON1A) = 'INPUT_FILE_INCLUDE $PLASTICC_ROOT/SIMGEN/SIMGEN_INCLUDE_LCLIB_Mdwarf_flares.INPUT  GENTYPE 81 SIMLIB_NREPEAT 1  NGENTOT_LC 800  SEARCHEFF_SPEC_SCALE 1.0' 
 GENVERSION      = 'LSST_DDF_MODEL83' 
   GENOPT(SN Ia) = 'INPUT_FILE_INCLUDE $PLASTICC_ROOT/SIMGEN/SIMGEN_INCLUDE_LCLIB_PHOEBE.INPUT  GENTYPE 83 SIMLIB_NREPEAT 1  NGENTOT_LC 200  SEARCHEFF_SPEC_SCALE 1.0' 
   GENOPT(NON1A) = 'INPUT_FILE_INCLUDE $PLASTICC_ROOT/SIMGEN/SIMGEN_INCLUDE_LCLIB_PHOEBE.INPUT  GENTYPE 83 SIMLIB_NREPEAT 1  NGENTOT_LC 200  SEARCHEFF_SPEC_SCALE 1.0' 
 GENVERSION      = 'LSST_DDF_MODEL84' 
   GENOPT(SN Ia) = 'INPUT_FILE_INCLUDE $PLASTICC_ROOT/SIMGEN/SIMGEN_INCLUDE_LCLIB_MIRA.INPUT  GENTYPE 84 SIMLIB_NREPEAT 1  NGENTOT_LC 1  SEARCHEFF_SPEC_SCALE 0.50' 
   GENOPT(NON1A) = 'INPUT_FILE_INCLUDE $PLASTICC_ROOT/SIMGEN/SIMGEN_INCLUDE_LCLIB_MIRA.INPUT  GENTYPE 84 SIMLIB_NREPEAT 1  NGENTOT_LC 1  SEARCHEFF_SPEC_SCALE 0.50' 
 GENVERSION      = 'LSST_DDF_MODEL90' 
   GENOPT(SN Ia) = 'INPUT_FILE_INCLUDE $PLASTICC_ROOT/SIMGEN/SIMGEN_INCLUDE_LCLIB_uLens_CFA-Binary.INPUT  GENTYPE 90 SIMLIB_NREPEAT 1  NGENTOT_LC 4  SEARCHEFF_SPEC_FILE ZERO' 
   GENOPT(NON1A) = 'INPUT_FILE_INCLUDE $PLASTICC_ROOT/SIMGEN/SIMGEN_INCLUDE_LCLIB_uLens_CFA-Binary.INPUT  GENTYPE 90 SIMLIB_NREPEAT 1  NGENTOT_LC 4  SEARCHEFF_SPEC_FILE ZERO' 
 GENVERSION      = 'LSST_DDF_MODEL91' 
   GENOPT(SN Ia) = 'INPUT_FILE_INCLUDE $PLASTICC_ROOT/SIMGEN/SIMGEN_INCLUDE_LCLIB_uLens_GaiaStar.INPUT  GENTYPE 91 SIMLIB_NREPEAT 1  NGENTOT_LC 2  SEARCHEFF_SPEC_SCALE 0.5' 
   GENOPT(NON1A) = 'INPUT_FILE_INCLUDE $PLASTICC_ROOT/SIMGEN/SIMGEN_INCLUDE_LCLIB_uLens_GaiaStar.INPUT  GENTYPE 91 SIMLIB_NREPEAT 1  NGENTOT_LC 2  SEARCHEFF_SPEC_SCALE 0.5' 
 GENVERSION      = 'LSST_DDF_MODEL92' 
   GENOPT(SN Ia) = 'INPUT_FILE_INCLUDE $PLASTICC_ROOT/SIMGEN/SIMGEN_INCLUDE_LCLIB_uLens_STRING.INPUT  GENTYPE 92  NGENTOT_LC 25  SEARCHEFF_SPEC_FILE ZERO' 
   GENOPT(NON1A) = 'INPUT_FILE_INCLUDE $PLASTICC_ROOT/SIMGEN/SIMGEN_INCLUDE_LCLIB_uLens_STRING.INPUT  GENTYPE 92  NGENTOT_LC 25  SEARCHEFF_SPEC_FILE ZERO' 
 GENVERSION      = 'LSST_DDF_MODEL93' 
   GENOPT(SN Ia) = 'INPUT_FILE_INCLUDE $PLASTICC_ROOT/SIMGEN/SIMGEN_INCLUDE_LCLIB_uLens_CFA-Point.INPUT  GENTYPE 93 SIMLIB_NREPEAT 1  NGENTOT_LC 2  SEARCHEFF_SPEC_SCALE 0.5' 
   GENOPT(NON1A) = 'INPUT_FILE_INCLUDE $PLASTICC_ROOT/SIMGEN/SIMGEN_INCLUDE_LCLIB_uLens_CFA-Point.INPUT  GENTYPE 93 SIMLIB_NREPEAT 1  NGENTOT_LC 2  SEARCHEFF_SPEC_SCALE 0.5' 
 GENVERSION      = 'LSST_DDF_MODEL14' 
   GENOPT(SN Ia) = 'INPUT_FILE_INCLUDE $PLASTICC_ROOT/SIMGEN/SIMGEN_INCLUDE_MOSFIT_IIn.INPUT  GENTYPE 14 SIMLIB_NREPEAT 2  SEARCHEFF_SPEC_SCALE 1.0' 
   GENOPT(NON1A) = 'INPUT_FILE_INCLUDE $PLASTICC_ROOT/SIMGEN/SIMGEN_INCLUDE_MOSFIT_IIn.INPUT  GENTYPE 14 SIMLIB_NREPEAT 2  SEARCHEFF_SPEC_SCALE 1.0' 
 GENVERSION      = 'LSST_DDF_MODEL13' 
   GENOPT(SN Ia) = 'INPUT_FILE_INCLUDE $PLASTICC_ROOT/SIMGEN/SIMGEN_INCLUDE_MOSFIT_Ibc.INPUT  GENTYPE 13 SIMLIB_NREPEAT 4  SEARCHEFF_SPEC_SCALE 1.0' 
   GENOPT(NON1A) = 'INPUT_FILE_INCLUDE $PLASTICC_ROOT/SIMGEN/SIMGEN_INCLUDE_MOSFIT_Ibc.INPUT  GENTYPE 13 SIMLIB_NREPEAT 4  SEARCHEFF_SPEC_SCALE 1.0' 
 GENVERSION      = 'LSST_DDF_MODEL12' 
   GENOPT(SN Ia) = 'INPUT_FILE_INCLUDE $PLASTICC_ROOT/SIMGEN/SIMGEN_INCLUDE_IIpca.INPUT  GENTYPE 12 SIMLIB_NREPEAT 4  SEARCHEFF_SPEC_SCALE 1.0' 
   GENOPT(NON1A) = 'INPUT_FILE_INCLUDE $PLASTICC_ROOT/SIMGEN/SIMGEN_INCLUDE_IIpca.INPUT  GENTYPE 12 SIMLIB_NREPEAT 4  SEARCHEFF_SPEC_SCALE 1.0' 
 GENVERSION      = 'LSST_DDF_MODEL02' 
   GENOPT(SN Ia) = 'INPUT_FILE_INCLUDE $PLASTICC_ROOT/SIMGEN/SIMGEN_INCLUDE_NON1ASED-II.INPUT  GENTYPE 2 SIMLIB_NREPEAT 4  SEARCHEFF_SPEC_SCALE 1.0' 
   GENOPT(NON1A) = 'INPUT_FILE_INCLUDE $PLASTICC_ROOT/SIMGEN/SIMGEN_INCLUDE_NON1ASED-II.INPUT  GENTYPE 2 SIMLIB_NREPEAT 4  SEARCHEFF_SPEC_SCALE 1.0' 
 GENVERSION      = 'LSST_DDF_MODEL03' 
   GENOPT(SN Ia) = 'INPUT_FILE_INCLUDE $PLASTICC_ROOT/SIMGEN/SIMGEN_INCLUDE_NON1ASED-Ibc.INPUT  GENTYPE 3 SIMLIB_NREPEAT 4  SEARCHEFF_SPEC_SCALE 1.0' 
   GENOPT(NON1A) = 'INPUT_FILE_INCLUDE $PLASTICC_ROOT/SIMGEN/SIMGEN_INCLUDE_NON1ASED-Ibc.INPUT  GENTYPE 3 SIMLIB_NREPEAT 4  SEARCHEFF_SPEC_SCALE 1.0' 
 GENVERSION      = 'LSST_DDF_MODEL11' 
   GENOPT(SN Ia) = 'INPUT_FILE_INCLUDE $PLASTICC_ROOT/SIMGEN/SIMGEN_INCLUDE_SALT2.INPUT  GENTYPE 11  SEARCHEFF_SPEC_SCALE 0.5' 
   GENOPT(NON1A) = 'INPUT_FILE_INCLUDE $PLASTICC_ROOT/SIMGEN/SIMGEN_INCLUDE_SALT2.INPUT  GENTYPE 11  SEARCHEFF_SPEC_SCALE 0.5' 

 BATCH_COMMAND: sbatch /project/rkessler/PRODUCTS/SNANA/SBATCH_TEMPLATES/SBATCH_kicp.TEMPLATE (40 cores) 
 SSH_NODELIST(40) = Chosen by batch 
 CPULIST_INDX(40) = 1 2 3 4 5 6 7 8 9 10 11 12 13 14 15 16 17 18 19 20 21 22 23 24 25 26 27 28 29 30 31 32 33 34 35 36 37 38 39 40 
 SIMGEN_INFILE_NONIa  = SIMGEN_TEMPLATE_LSST.INPUT  
 Read/store contents of SIMGEN_TEMPLATE_LSST.INPUT 
	  RANSEED 3773459    (1) 
	  RANSEED 3773459    (2) 
	  RANSEED 3773459    (3) 
	  RANSEED 3773459    (4) 
	  RANSEED 3773459    (5) 
	  RANSEED 3773459    (6) 
	  RANSEED 3773459    (7) 
	  RANSEED 3773459    (8) 
	  RANSEED 3773459    (9) 
	  RANSEED 3773459    (10) 
 FORMAT_MASK = 112   (FITS)  
 GENPREFIX            = LSST_DDF  
 NGEN_UNIT  = 0.1 SURVEY   
 GENOPT_GLOBAL  = '  SIMLIB_FILE $LSST_ROOT/simlibs/minionv4_1016_DDF.simlib.COADD SOLID_ANGLE 0.01451 SEARCHEFF_zHOST_FILE $PLASTICC_ROOT/SIMGEN/SEARCHEFF_zHOST_PLASTICC_DDF.DAT' 
 Read/store contents of SIMGEN_TEMPLATE_LSST.INPUT 
 GENFILTERS       = ugrizY  
  NVAR_SIMGEN_DUMP_NONIa = 37 
 DOGEN[SNIa,NONIa] = 0,1 
 set DONE_STAMP -> /project/rkessler/SURVEYS/LSST/ROOT/PLASTICC/SIMGEN/SIMLOGS_LSST_DDF/SIMJOB_ALL.DONE 
 Create log directory : /project/rkessler/SURVEYS/LSST/ROOT/PLASTICC/SIMGEN/SIMLOGS_LSST_DDF 

 Split SIMGEN jobs by nodes: 
	 prepare LSST_DDF_0001.BATCH  for sbatch 
	 prepare LSST_DDF_0002.BATCH  for sbatch 
	 prepare LSST_DDF_0003.BATCH  for sbatch 
	 prepare LSST_DDF_0004.BATCH  for sbatch 
	 prepare LSST_DDF_0005.BATCH  for sbatch 
	 prepare LSST_DDF_0006.BATCH  for sbatch 
	 prepare LSST_DDF_0007.BATCH  for sbatch 
	 prepare LSST_DDF_0008.BATCH  for sbatch 
	 prepare LSST_DDF_0009.BATCH  for sbatch 
	 prepare LSST_DDF_0010.BATCH  for sbatch 
	 prepare LSST_DDF_0011.BATCH  for sbatch 
	 prepare LSST_DDF_0012.BATCH  for sbatch 
	 prepare LSST_DDF_0013.BATCH  for sbatch 
	 prepare LSST_DDF_0014.BATCH  for sbatch 
	 prepare LSST_DDF_0015.BATCH  for sbatch 
	 prepare LSST_DDF_0016.BATCH  for sbatch 
	 prepare LSST_DDF_0017.BATCH  for sbatch 
	 prepare LSST_DDF_0018.BATCH  for sbatch 
	 prepare LSST_DDF_0019.BATCH  for sbatch 
	 prepare LSST_DDF_0020.BATCH  for sbatch 
	 prepare LSST_DDF_0021.BATCH  for sbatch 
	 prepare LSST_DDF_0022.BATCH  for sbatch 
	 prepare LSST_DDF_0023.BATCH  for sbatch 
	 prepare LSST_DDF_0024.BATCH  for sbatch 
	 prepare LSST_DDF_0025.BATCH  for sbatch 
	 prepare LSST_DDF_0026.BATCH  for sbatch 
	 prepare LSST_DDF_0027.BATCH  for sbatch 
	 prepare LSST_DDF_0028.BATCH  for sbatch 
	 prepare LSST_DDF_0029.BATCH  for sbatch 
	 prepare LSST_DDF_0030.BATCH  for sbatch 
	 prepare LSST_DDF_0031.BATCH  for sbatch 
	 prepare LSST_DDF_0032.BATCH  for sbatch 
	 prepare LSST_DDF_0033.BATCH  for sbatch 
	 prepare LSST_DDF_0034.BATCH  for sbatch 
	 prepare LSST_DDF_0035.BATCH  for sbatch 
	 prepare LSST_DDF_0036.BATCH  for sbatch 
	 prepare LSST_DDF_0037.BATCH  for sbatch 
	 prepare LSST_DDF_0038.BATCH  for sbatch 
	 prepare LSST_DDF_0039.BATCH  for sbatch 
	 prepare LSST_DDF_0040.BATCH  for sbatch 

 Done submiting BATCH jobs (230 GENVERSIONs). 
