
 ###################################### 
 ############### BEGIN ################ 
 ###################################### 


 Parse master input file: 
	 SIMGEN_MASTER_LSST_WFD.INPUT 

 Read/store contents of SIMGEN_MASTER_LSST_WFD.INPUT 
 Requested Simulation Summary : 
 GENVERSION      = 'LSST_WFD_MODEL41' 
   GENOPT(SN Ia) = 'INPUT_FILE_INCLUDE $PLASTICC_ROOT/SIMGEN/SIMGEN_INCLUDE_91bg.INPUT  GENTYPE 41  SIMGEN_DUMP_PRESCALE 9  SEARCHEFF_SPEC_SCALE 0.008' 
   GENOPT(NON1A) = 'INPUT_FILE_INCLUDE $PLASTICC_ROOT/SIMGEN/SIMGEN_INCLUDE_91bg.INPUT  GENTYPE 41  SIMGEN_DUMP_PRESCALE 9  SEARCHEFF_SPEC_SCALE 0.008' 
 GENVERSION      = 'LSST_WFD_MODEL43' 
   GENOPT(SN Ia) = 'INPUT_FILE_INCLUDE $PLASTICC_ROOT/SIMGEN/SIMGEN_INCLUDE_Iax.INPUT  GENTYPE 43  SIMGEN_DUMP_PRESCALE 49  SEARCHEFF_SPEC_SCALE 0.008' 
   GENOPT(NON1A) = 'INPUT_FILE_INCLUDE $PLASTICC_ROOT/SIMGEN/SIMGEN_INCLUDE_Iax.INPUT  GENTYPE 43  SIMGEN_DUMP_PRESCALE 49  SEARCHEFF_SPEC_SCALE 0.008' 
 GENVERSION      = 'LSST_WFD_MODEL51' 
   GENOPT(SN Ia) = 'INPUT_FILE_INCLUDE $PLASTICC_ROOT/SIMGEN/SIMGEN_INCLUDE_KNova_Kasen2017.INPUT  GENTYPE 51  SEARCHEFF_SPEC_SCALE 1.0' 
   GENOPT(NON1A) = 'INPUT_FILE_INCLUDE $PLASTICC_ROOT/SIMGEN/SIMGEN_INCLUDE_KNova_Kasen2017.INPUT  GENTYPE 51  SEARCHEFF_SPEC_SCALE 1.0' 
 GENVERSION      = 'LSST_WFD_MODEL60' 
   GENOPT(SN Ia) = 'INPUT_FILE_INCLUDE $PLASTICC_ROOT/SIMGEN/SIMGEN_INCLUDE_MOSFIT_SLSN_MAGNETAR.INPUT  GENTYPE 60  SEARCHEFF_SPEC_SCALE 0.008' 
   GENOPT(NON1A) = 'INPUT_FILE_INCLUDE $PLASTICC_ROOT/SIMGEN/SIMGEN_INCLUDE_MOSFIT_SLSN_MAGNETAR.INPUT  GENTYPE 60  SEARCHEFF_SPEC_SCALE 0.008' 
 GENVERSION      = 'LSST_WFD_MODEL61' 
   GENOPT(SN Ia) = 'INPUT_FILE_INCLUDE $PLASTICC_ROOT/SIMGEN/SIMGEN_INCLUDE_MOSFIT_PISN.INPUT  GENTYPE 61  SEARCHEFF_SPEC_FILE ZERO' 
   GENOPT(NON1A) = 'INPUT_FILE_INCLUDE $PLASTICC_ROOT/SIMGEN/SIMGEN_INCLUDE_MOSFIT_PISN.INPUT  GENTYPE 61  SEARCHEFF_SPEC_FILE ZERO' 
 GENVERSION      = 'LSST_WFD_MODEL62' 
   GENOPT(SN Ia) = 'INPUT_FILE_INCLUDE $PLASTICC_ROOT/SIMGEN/SIMGEN_INCLUDE_MOSFIT_ILOT.INPUT  GENTYPE 62  SIMGEN_DUMP_PRESCALE 49  SEARCHEFF_SPEC_FILE ZERO' 
   GENOPT(NON1A) = 'INPUT_FILE_INCLUDE $PLASTICC_ROOT/SIMGEN/SIMGEN_INCLUDE_MOSFIT_ILOT.INPUT  GENTYPE 62  SIMGEN_DUMP_PRESCALE 49  SEARCHEFF_SPEC_FILE ZERO' 
 GENVERSION      = 'LSST_WFD_MODEL63' 
   GENOPT(SN Ia) = 'INPUT_FILE_INCLUDE $PLASTICC_ROOT/SIMGEN/SIMGEN_INCLUDE_MOSFIT_CART.INPUT  GENTYPE 63  SIMGEN_DUMP_PRESCALE 49  SEARCHEFF_SPEC_FILE ZERO' 
   GENOPT(NON1A) = 'INPUT_FILE_INCLUDE $PLASTICC_ROOT/SIMGEN/SIMGEN_INCLUDE_MOSFIT_CART.INPUT  GENTYPE 63  SIMGEN_DUMP_PRESCALE 49  SEARCHEFF_SPEC_FILE ZERO' 
 GENVERSION      = 'LSST_WFD_MODEL64' 
   GENOPT(SN Ia) = 'INPUT_FILE_INCLUDE $PLASTICC_ROOT/SIMGEN/SIMGEN_INCLUDE_MOSFIT_TDE.INPUT  GENTYPE 64  SIMGEN_DUMP_PRESCALE 9  SEARCHEFF_SPEC_SCALE 0.20' 
   GENOPT(NON1A) = 'INPUT_FILE_INCLUDE $PLASTICC_ROOT/SIMGEN/SIMGEN_INCLUDE_MOSFIT_TDE.INPUT  GENTYPE 64  SIMGEN_DUMP_PRESCALE 9  SEARCHEFF_SPEC_SCALE 0.20' 
 GENVERSION      = 'LSST_WFD_MODEL70' 
   GENOPT(SN Ia) = 'INPUT_FILE_INCLUDE $PLASTICC_ROOT/SIMGEN/SIMGEN_INCLUDE_LCLIB_LSST-AGN.INPUT  GENTYPE 70 SIMLIB_NREPEAT 1  SIMGEN_DUMP_PRESCALE 99  NGENTOT_LC 175000  SEARCHEFF_SPEC_SCALE 0.008' 
   GENOPT(NON1A) = 'INPUT_FILE_INCLUDE $PLASTICC_ROOT/SIMGEN/SIMGEN_INCLUDE_LCLIB_LSST-AGN.INPUT  GENTYPE 70 SIMLIB_NREPEAT 1  SIMGEN_DUMP_PRESCALE 99  NGENTOT_LC 175000  SEARCHEFF_SPEC_SCALE 0.008' 
 GENVERSION      = 'LSST_WFD_MODEL80' 
   GENOPT(SN Ia) = 'INPUT_FILE_INCLUDE $PLASTICC_ROOT/SIMGEN/SIMGEN_INCLUDE_LCLIB_RRLyrae.INPUT  GENTYPE 80 SIMLIB_NREPEAT 1  SIMGEN_DUMP_PRESCALE 99  NGENTOT_LC 200000  SEARCHEFF_SPEC_SCALE 0.0008' 
   GENOPT(NON1A) = 'INPUT_FILE_INCLUDE $PLASTICC_ROOT/SIMGEN/SIMGEN_INCLUDE_LCLIB_RRLyrae.INPUT  GENTYPE 80 SIMLIB_NREPEAT 1  SIMGEN_DUMP_PRESCALE 99  NGENTOT_LC 200000  SEARCHEFF_SPEC_SCALE 0.0008' 
 GENVERSION      = 'LSST_WFD_MODEL81' 
   GENOPT(SN Ia) = 'INPUT_FILE_INCLUDE $PLASTICC_ROOT/SIMGEN/SIMGEN_INCLUDE_LCLIB_Mdwarf_flares.INPUT  GENTYPE 81 SIMLIB_NREPEAT 1  SIMGEN_DUMP_PRESCALE 99  NGENTOT_LC 800000  SEARCHEFF_SPEC_SCALE 0.008' 
   GENOPT(NON1A) = 'INPUT_FILE_INCLUDE $PLASTICC_ROOT/SIMGEN/SIMGEN_INCLUDE_LCLIB_Mdwarf_flares.INPUT  GENTYPE 81 SIMLIB_NREPEAT 1  SIMGEN_DUMP_PRESCALE 99  NGENTOT_LC 800000  SEARCHEFF_SPEC_SCALE 0.008' 
 GENVERSION      = 'LSST_WFD_MODEL83' 
   GENOPT(SN Ia) = 'INPUT_FILE_INCLUDE $PLASTICC_ROOT/SIMGEN/SIMGEN_INCLUDE_LCLIB_PHOEBE.INPUT  GENTYPE 83 SIMLIB_NREPEAT 1  SIMGEN_DUMP_PRESCALE 99  NGENTOT_LC 220000  SEARCHEFF_SPEC_SCALE 0.008' 
   GENOPT(NON1A) = 'INPUT_FILE_INCLUDE $PLASTICC_ROOT/SIMGEN/SIMGEN_INCLUDE_LCLIB_PHOEBE.INPUT  GENTYPE 83 SIMLIB_NREPEAT 1  SIMGEN_DUMP_PRESCALE 99  NGENTOT_LC 220000  SEARCHEFF_SPEC_SCALE 0.008' 
 GENVERSION      = 'LSST_WFD_MODEL84' 
   GENOPT(SN Ia) = 'INPUT_FILE_INCLUDE $PLASTICC_ROOT/SIMGEN/SIMGEN_INCLUDE_LCLIB_MIRA.INPUT  GENTYPE 84 SIMLIB_NREPEAT 1  SIMGEN_DUMP_PRESCALE 99  NGENTOT_LC 1500  SEARCHEFF_SPEC_SCALE 0.02' 
   GENOPT(NON1A) = 'INPUT_FILE_INCLUDE $PLASTICC_ROOT/SIMGEN/SIMGEN_INCLUDE_LCLIB_MIRA.INPUT  GENTYPE 84 SIMLIB_NREPEAT 1  SIMGEN_DUMP_PRESCALE 99  NGENTOT_LC 1500  SEARCHEFF_SPEC_SCALE 0.02' 
 GENVERSION      = 'LSST_WFD_MODEL90' 
   GENOPT(SN Ia) = 'INPUT_FILE_INCLUDE $PLASTICC_ROOT/SIMGEN/SIMGEN_INCLUDE_LCLIB_uLens_CFA-Binary.INPUT  GENTYPE 90 SIMLIB_NREPEAT 1  SIMGEN_DUMP_PRESCALE 9  NGENTOT_LC 1000  SEARCHEFF_SPEC_FILE ZERO' 
   GENOPT(NON1A) = 'INPUT_FILE_INCLUDE $PLASTICC_ROOT/SIMGEN/SIMGEN_INCLUDE_LCLIB_uLens_CFA-Binary.INPUT  GENTYPE 90 SIMLIB_NREPEAT 1  SIMGEN_DUMP_PRESCALE 9  NGENTOT_LC 1000  SEARCHEFF_SPEC_FILE ZERO' 
 GENVERSION      = 'LSST_WFD_MODEL91' 
   GENOPT(SN Ia) = 'INPUT_FILE_INCLUDE $PLASTICC_ROOT/SIMGEN/SIMGEN_INCLUDE_LCLIB_uLens_GaiaStar.INPUT  GENTYPE 91 SIMLIB_NREPEAT 1  NGENTOT_LC 1400  SEARCHEFF_SPEC_SCALE 0.1' 
   GENOPT(NON1A) = 'INPUT_FILE_INCLUDE $PLASTICC_ROOT/SIMGEN/SIMGEN_INCLUDE_LCLIB_uLens_GaiaStar.INPUT  GENTYPE 91 SIMLIB_NREPEAT 1  NGENTOT_LC 1400  SEARCHEFF_SPEC_SCALE 0.1' 
 GENVERSION      = 'LSST_WFD_MODEL92' 
   GENOPT(SN Ia) = 'INPUT_FILE_INCLUDE $PLASTICC_ROOT/SIMGEN/SIMGEN_INCLUDE_LCLIB_uLens_STRING.INPUT  GENTYPE 92  SIMGEN_DUMP_PRESCALE 1  NGENTOT_LC 30000  SEARCHEFF_SPEC_FILE ZERO' 
   GENOPT(NON1A) = 'INPUT_FILE_INCLUDE $PLASTICC_ROOT/SIMGEN/SIMGEN_INCLUDE_LCLIB_uLens_STRING.INPUT  GENTYPE 92  SIMGEN_DUMP_PRESCALE 1  NGENTOT_LC 30000  SEARCHEFF_SPEC_FILE ZERO' 
 GENVERSION      = 'LSST_WFD_MODEL93' 
   GENOPT(SN Ia) = 'INPUT_FILE_INCLUDE $PLASTICC_ROOT/SIMGEN/SIMGEN_INCLUDE_LCLIB_uLens_CFA-Point.INPUT  GENTYPE 93 SIMLIB_NREPEAT 1  SIMGEN_DUMP_PRESCALE 9  NGENTOT_LC 1400  SEARCHEFF_SPEC_SCALE 0.1' 
   GENOPT(NON1A) = 'INPUT_FILE_INCLUDE $PLASTICC_ROOT/SIMGEN/SIMGEN_INCLUDE_LCLIB_uLens_CFA-Point.INPUT  GENTYPE 93 SIMLIB_NREPEAT 1  SIMGEN_DUMP_PRESCALE 9  NGENTOT_LC 1400  SEARCHEFF_SPEC_SCALE 0.1' 
 GENVERSION      = 'LSST_WFD_MODEL14' 
   GENOPT(SN Ia) = 'INPUT_FILE_INCLUDE $PLASTICC_ROOT/SIMGEN/SIMGEN_INCLUDE_MOSFIT_IIn.INPUT  GENTYPE 14 SIMLIB_NREPEAT 2  SIMGEN_DUMP_PRESCALE 99  SEARCHEFF_SPEC_SCALE 0.008' 
   GENOPT(NON1A) = 'INPUT_FILE_INCLUDE $PLASTICC_ROOT/SIMGEN/SIMGEN_INCLUDE_MOSFIT_IIn.INPUT  GENTYPE 14 SIMLIB_NREPEAT 2  SIMGEN_DUMP_PRESCALE 99  SEARCHEFF_SPEC_SCALE 0.008' 
 GENVERSION      = 'LSST_WFD_MODEL13' 
   GENOPT(SN Ia) = 'INPUT_FILE_INCLUDE $PLASTICC_ROOT/SIMGEN/SIMGEN_INCLUDE_MOSFIT_Ibc.INPUT  GENTYPE 13 SIMLIB_NREPEAT 4  SIMGEN_DUMP_PRESCALE 99  SEARCHEFF_SPEC_SCALE 0.008' 
   GENOPT(NON1A) = 'INPUT_FILE_INCLUDE $PLASTICC_ROOT/SIMGEN/SIMGEN_INCLUDE_MOSFIT_Ibc.INPUT  GENTYPE 13 SIMLIB_NREPEAT 4  SIMGEN_DUMP_PRESCALE 99  SEARCHEFF_SPEC_SCALE 0.008' 
 GENVERSION      = 'LSST_WFD_MODEL12' 
   GENOPT(SN Ia) = 'INPUT_FILE_INCLUDE $PLASTICC_ROOT/SIMGEN/SIMGEN_INCLUDE_IIpca.INPUT  GENTYPE 12 SIMLIB_NREPEAT 4  SIMGEN_DUMP_PRESCALE 99  SEARCHEFF_SPEC_SCALE 0.008' 
   GENOPT(NON1A) = 'INPUT_FILE_INCLUDE $PLASTICC_ROOT/SIMGEN/SIMGEN_INCLUDE_IIpca.INPUT  GENTYPE 12 SIMLIB_NREPEAT 4  SIMGEN_DUMP_PRESCALE 99  SEARCHEFF_SPEC_SCALE 0.008' 
 GENVERSION      = 'LSST_WFD_MODEL02' 
   GENOPT(SN Ia) = 'INPUT_FILE_INCLUDE $PLASTICC_ROOT/SIMGEN/SIMGEN_INCLUDE_NON1ASED-II.INPUT  GENTYPE 2 SIMLIB_NREPEAT 4  SIMGEN_DUMP_PRESCALE 99  SEARCHEFF_SPEC_SCALE 0.008' 
   GENOPT(NON1A) = 'INPUT_FILE_INCLUDE $PLASTICC_ROOT/SIMGEN/SIMGEN_INCLUDE_NON1ASED-II.INPUT  GENTYPE 2 SIMLIB_NREPEAT 4  SIMGEN_DUMP_PRESCALE 99  SEARCHEFF_SPEC_SCALE 0.008' 
 GENVERSION      = 'LSST_WFD_MODEL03' 
   GENOPT(SN Ia) = 'INPUT_FILE_INCLUDE $PLASTICC_ROOT/SIMGEN/SIMGEN_INCLUDE_NON1ASED-Ibc.INPUT  GENTYPE 3 SIMLIB_NREPEAT 4  SIMGEN_DUMP_PRESCALE 99  SEARCHEFF_SPEC_SCALE 0.008' 
   GENOPT(NON1A) = 'INPUT_FILE_INCLUDE $PLASTICC_ROOT/SIMGEN/SIMGEN_INCLUDE_NON1ASED-Ibc.INPUT  GENTYPE 3 SIMLIB_NREPEAT 4  SIMGEN_DUMP_PRESCALE 99  SEARCHEFF_SPEC_SCALE 0.008' 
 GENVERSION      = 'LSST_WFD_MODEL11' 
   GENOPT(SN Ia) = 'INPUT_FILE_INCLUDE $PLASTICC_ROOT/SIMGEN/SIMGEN_INCLUDE_SALT2.INPUT  GENTYPE 11  SIMGEN_DUMP_PRESCALE 99  SEARCHEFF_SPEC_SCALE 0.003' 
   GENOPT(NON1A) = 'INPUT_FILE_INCLUDE $PLASTICC_ROOT/SIMGEN/SIMGEN_INCLUDE_SALT2.INPUT  GENTYPE 11  SIMGEN_DUMP_PRESCALE 99  SEARCHEFF_SPEC_SCALE 0.003' 

 BATCH_COMMAND: sbatch /project/rkessler/PRODUCTS/SNANA/SBATCH_TEMPLATES/SBATCH_sandyb.TEMPLATE (40 cores) 
 SSH_NODELIST(40) = Chosen by batch 
 CPULIST_INDX(40) = 1 2 3 4 5 6 7 8 9 10 11 12 13 14 15 16 17 18 19 20 21 22 23 24 25 26 27 28 29 30 31 32 33 34 35 36 37 38 39 40 
 SIMGEN_INFILE_NONIa  = SIMGEN_TEMPLATE_LSST.INPUT  
 Read/store contents of SIMGEN_TEMPLATE_LSST.INPUT 
	  RANSEED 3773459    (1) 
	  RANSEED 3773459    (2) 
	  RANSEED 3773459    (3) 
	  RANSEED 3773459    (4) 
	  RANSEED 3773459    (5) 
	  RANSEED 3773459    (6) 
	  RANSEED 3773459    (7) 
	  RANSEED 3773459    (8) 
	  RANSEED 3773459    (9) 
	  RANSEED 3773459    (10) 
	  RANSEED 3773459    (11) 
	  RANSEED 3773459    (12) 
	  RANSEED 3773459    (13) 
	  RANSEED 3773459    (14) 
	  RANSEED 3773459    (15) 
	  RANSEED 3773459    (16) 
	  RANSEED 3773459    (17) 
	  RANSEED 3773459    (18) 
	  RANSEED 3773459    (19) 
	  RANSEED 3773459    (20) 
	  RANSEED 3773459    (21) 
	  RANSEED 3773459    (22) 
	  RANSEED 3773459    (23) 
	  RANSEED 3773459    (24) 
	  RANSEED 3773459    (25) 
	  RANSEED 3773459    (26) 
	  RANSEED 3773459    (27) 
	  RANSEED 3773459    (28) 
	  RANSEED 3773459    (29) 
	  RANSEED 3773459    (30) 
	  RANSEED 3773459    (31) 
	  RANSEED 3773459    (32) 
	  RANSEED 3773459    (33) 
	  RANSEED 3773459    (34) 
	  RANSEED 3773459    (35) 
	  RANSEED 3773459    (36) 
	  RANSEED 3773459    (37) 
	  RANSEED 3773459    (38) 
	  RANSEED 3773459    (39) 
	  RANSEED 3773459    (40) 
 FORMAT_MASK = 112   (FITS)  
 GENPREFIX            = LSST_WFD  
 NGEN_UNIT  = 0.025 SURVEY   
 GENOPT_GLOBAL  = '  SIMLIB_FILE $LSST_ROOT/simlibs/minionv4_1016_WFD.simlib.COADD SOLID_ANGLE 5.468 SEARCHEFF_zHOST_FILE $PLASTICC_ROOT/SIMGEN/SEARCHEFF_zHOST_PLASTICC_WFD.DAT' 
 Read/store contents of SIMGEN_TEMPLATE_LSST.INPUT 
 GENFILTERS       = ugrizY  
  NVAR_SIMGEN_DUMP_NONIa = 37 
 DOGEN[SNIa,NONIa] = 0,1 
 set DONE_STAMP -> /project/rkessler/SURVEYS/LSST/ROOT/PLASTICC/SIMGEN/SIMLOGS_LSST_WFD/SIMJOB_ALL.DONE 
 Create log directory : /project/rkessler/SURVEYS/LSST/ROOT/PLASTICC/SIMGEN/SIMLOGS_LSST_WFD 

 Split SIMGEN jobs by nodes: 
	 prepare LSST_WFD_0001.BATCH  for sbatch 
	 prepare LSST_WFD_0002.BATCH  for sbatch 
	 prepare LSST_WFD_0003.BATCH  for sbatch 
	 prepare LSST_WFD_0004.BATCH  for sbatch 
	 prepare LSST_WFD_0005.BATCH  for sbatch 
	 prepare LSST_WFD_0006.BATCH  for sbatch 
	 prepare LSST_WFD_0007.BATCH  for sbatch 
	 prepare LSST_WFD_0008.BATCH  for sbatch 
	 prepare LSST_WFD_0009.BATCH  for sbatch 
	 prepare LSST_WFD_0010.BATCH  for sbatch 
	 prepare LSST_WFD_0011.BATCH  for sbatch 
	 prepare LSST_WFD_0012.BATCH  for sbatch 
	 prepare LSST_WFD_0013.BATCH  for sbatch 
	 prepare LSST_WFD_0014.BATCH  for sbatch 
	 prepare LSST_WFD_0015.BATCH  for sbatch 
	 prepare LSST_WFD_0016.BATCH  for sbatch 
	 prepare LSST_WFD_0017.BATCH  for sbatch 
	 prepare LSST_WFD_0018.BATCH  for sbatch 
	 prepare LSST_WFD_0019.BATCH  for sbatch 
	 prepare LSST_WFD_0020.BATCH  for sbatch 
	 prepare LSST_WFD_0021.BATCH  for sbatch 
	 prepare LSST_WFD_0022.BATCH  for sbatch 
	 prepare LSST_WFD_0023.BATCH  for sbatch 
	 prepare LSST_WFD_0024.BATCH  for sbatch 
	 prepare LSST_WFD_0025.BATCH  for sbatch 
	 prepare LSST_WFD_0026.BATCH  for sbatch 
	 prepare LSST_WFD_0027.BATCH  for sbatch 
	 prepare LSST_WFD_0028.BATCH  for sbatch 
	 prepare LSST_WFD_0029.BATCH  for sbatch 
	 prepare LSST_WFD_0030.BATCH  for sbatch 
	 prepare LSST_WFD_0031.BATCH  for sbatch 
	 prepare LSST_WFD_0032.BATCH  for sbatch 
	 prepare LSST_WFD_0033.BATCH  for sbatch 
	 prepare LSST_WFD_0034.BATCH  for sbatch 
	 prepare LSST_WFD_0035.BATCH  for sbatch 
	 prepare LSST_WFD_0036.BATCH  for sbatch 
	 prepare LSST_WFD_0037.BATCH  for sbatch 
	 prepare LSST_WFD_0038.BATCH  for sbatch 
	 prepare LSST_WFD_0039.BATCH  for sbatch 
	 prepare LSST_WFD_0040.BATCH  for sbatch 

 Done submiting BATCH jobs (920 GENVERSIONs). 
